22:57:26.926 [TestNG-tests-1] INFO  Academy.validateTitle - Browser closed successfully
22:57:40.930 [TestNG-tests-2] INFO  Academy.Homepage - Browser closed successfully
23:04:23.524 [TestNG-tests-3] INFO  Academy.ValidateNavigation - Driver Initialized for ValidateNavigation
23:04:23.872 [TestNG-tests-2] INFO  Academy.Homepage - Driver Initialized Homepage
23:04:23.890 [TestNG-tests-2] INFO  Academy.Homepage - Data provider passing data
23:04:24.441 [TestNG-tests-1] INFO  Academy.validateTitle - Driver Initialized
23:05:09.806 [TestNG-tests-3] INFO  Academy.ValidateNavigation - Navigation validated successfully
23:05:36.189 [TestNG-tests-1] INFO  Academy.validateTitle - Launched browser with url
23:05:36.246 [TestNG-tests-1] INFO  Academy.validateTitle - Body text validated successfully
23:05:41.116 [TestNG-tests-1] INFO  Academy.validateTitle - Browser closed successfully
23:05:57.069 [TestNG-tests-2] INFO  Academy.Homepage - Browser closed successfully
23:12:44.744 [TestNG-tests-1] INFO  Academy.validateTitle - Driver Initialized
23:12:44.744 [TestNG-tests-3] INFO  Academy.ValidateNavigation - Driver Initialized for ValidateNavigation
23:12:44.945 [TestNG-tests-2] INFO  Academy.Homepage - Driver Initialized Homepage
23:12:44.963 [TestNG-tests-2] INFO  Academy.Homepage - Data provider passing data
23:13:43.645 [TestNG-tests-1] INFO  Academy.validateTitle - Launched browser with url
23:13:43.874 [TestNG-tests-1] INFO  Academy.validateTitle - Body text validated successfully
23:13:45.225 [TestNG-tests-1] INFO  Academy.validateTitle - Browser closed successfully
23:13:53.260 [TestNG-tests-3] INFO  Academy.ValidateNavigation - Navigation validated successfully
23:14:12.959 [TestNG-tests-2] INFO  Academy.Homepage - Browser closed successfully
